Java HotSpot(TM) 64-Bit Server VM (25.152-b16) for windows-amd64 JRE (1.8.0_152-b16), built on Sep 14 2017 02:29:36 by "java_re" with MS VC++ 10.0 (VS2010)
Memory: 4k page, physical 8262900k(3144616k free), swap 13350584k(2738584k free)
CommandLine flags: -XX:InitialHeapSize=1073741824 -XX:MaxHeapSize=1073741824 -XX:+PrintGC -XX:+PrintGCDateStamps -XX:+PrintGCDetails -XX:+PrintGCTimeStamps -XX:+UseCompressedClassPointers -XX:+UseCompressedOops -XX:-UseLargePagesIndividualAllocation -XX:+UseParallelGC 
2021-03-25T03:08:41.107+0800: 0.200: [GC (Allocation Failure) [PSYoungGen: 261901K->43518K(305664K)] 261901K->80808K(1005056K), 0.0160883 secs] [Times: user=0.06 sys=0.09, real=0.02 secs] 
2021-03-25T03:08:41.164+0800: 0.258: [GC (Allocation Failure) [PSYoungGen: 305662K->43508K(305664K)] 342952K->149508K(1005056K), 0.0235323 secs] [Times: user=0.14 sys=0.17, real=0.02 secs] 
2021-03-25T03:08:41.227+0800: 0.320: [GC (Allocation Failure) [PSYoungGen: 305652K->43519K(305664K)] 411652K->229228K(1005056K), 0.0236102 secs] [Times: user=0.22 sys=0.09, real=0.02 secs] 
2021-03-25T03:08:41.286+0800: 0.380: [GC (Allocation Failure) [PSYoungGen: 305663K->43507K(305664K)] 491372K->298787K(1005056K), 0.0223477 secs] [Times: user=0.17 sys=0.00, real=0.02 secs] 
2021-03-25T03:08:41.345+0800: 0.438: [GC (Allocation Failure) [PSYoungGen: 305651K->43505K(305664K)] 560931K->373771K(1005056K), 0.0237466 secs] [Times: user=0.09 sys=0.06, real=0.02 secs] 
2021-03-25T03:08:41.407+0800: 0.500: [GC (Allocation Failure) [PSYoungGen: 305649K->43508K(160256K)] 635915K->445117K(859648K), 0.0224206 secs] [Times: user=0.09 sys=0.06, real=0.02 secs] 
2021-03-25T03:08:41.446+0800: 0.539: [GC (Allocation Failure) [PSYoungGen: 160244K->68671K(232960K)] 561853K->476668K(932352K), 0.0150757 secs] [Times: user=0.16 sys=0.00, real=0.01 secs] 
2021-03-25T03:08:41.477+0800: 0.570: [GC (Allocation Failure) [PSYoungGen: 185407K->91806K(232960K)] 593404K->511345K(932352K), 0.0198819 secs] [Times: user=0.17 sys=0.00, real=0.02 secs] 
2021-03-25T03:08:41.513+0800: 0.606: [GC (Allocation Failure) [PSYoungGen: 208542K->104863K(232960K)] 628081K->540647K(932352K), 0.0223499 secs] [Times: user=0.16 sys=0.00, real=0.02 secs] 
2021-03-25T03:08:41.552+0800: 0.645: [GC (Allocation Failure) [PSYoungGen: 221599K->75665K(232960K)] 657383K->571915K(932352K), 0.0253445 secs] [Times: user=0.23 sys=0.08, real=0.02 secs] 
2021-03-25T03:08:41.593+0800: 0.686: [GC (Allocation Failure) [PSYoungGen: 192401K->44651K(232960K)] 688651K->608407K(932352K), 0.0210109 secs] [Times: user=0.05 sys=0.11, real=0.02 secs] 
2021-03-25T03:08:41.631+0800: 0.724: [GC (Allocation Failure) [PSYoungGen: 161387K->39579K(232960K)] 725143K->643203K(932352K), 0.0154255 secs] [Times: user=0.14 sys=0.01, real=0.01 secs] 
2021-03-25T03:08:41.646+0800: 0.740: [Full GC (Ergonomics) [PSYoungGen: 39579K->0K(232960K)] [ParOldGen: 603624K->345260K(699392K)] 643203K->345260K(932352K), [Metaspace: 2809K->2809K(1056768K)], 0.0694002 secs] [Times: user=0.48 sys=0.02, real=0.07 secs] 
2021-03-25T03:08:41.733+0800: 0.826: [GC (Allocation Failure) [PSYoungGen: 116736K->33571K(232960K)] 461996K->378831K(932352K), 0.0070916 secs] [Times: user=0.00 sys=0.00, real=0.01 secs] 
2021-03-25T03:08:41.755+0800: 0.848: [GC (Allocation Failure) [PSYoungGen: 150307K->37956K(232960K)] 495567K->414728K(932352K), 0.0133402 secs] [Times: user=0.16 sys=0.00, real=0.01 secs] 
2021-03-25T03:08:41.784+0800: 0.878: [GC (Allocation Failure) [PSYoungGen: 154692K->40630K(232960K)] 531464K->451249K(932352K), 0.0140003 secs] [Times: user=0.16 sys=0.00, real=0.01 secs] 
2021-03-25T03:08:41.815+0800: 0.908: [GC (Allocation Failure) [PSYoungGen: 156850K->39186K(232960K)] 567469K->485438K(932352K), 0.0145891 secs] [Times: user=0.16 sys=0.00, real=0.01 secs] 
2021-03-25T03:08:41.846+0800: 0.939: [GC (Allocation Failure) [PSYoungGen: 155922K->39547K(232960K)] 602174K->521068K(932352K), 0.0141719 secs] [Times: user=0.16 sys=0.00, real=0.01 secs] 
2021-03-25T03:08:41.877+0800: 0.970: [GC (Allocation Failure) [PSYoungGen: 156283K->34304K(232960K)] 637804K->552409K(932352K), 0.0136044 secs] [Times: user=0.16 sys=0.00, real=0.01 secs] 
2021-03-25T03:08:41.909+0800: 1.002: [GC (Allocation Failure) [PSYoungGen: 150791K->36204K(232960K)] 668896K->585805K(932352K), 0.0138048 secs] [Times: user=0.14 sys=0.00, real=0.01 secs] 
2021-03-25T03:08:41.941+0800: 1.034: [GC (Allocation Failure) [PSYoungGen: 152461K->46092K(232960K)] 702062K->629599K(932352K), 0.0152380 secs] [Times: user=0.16 sys=0.00, real=0.02 secs] 
2021-03-25T03:08:41.973+0800: 1.066: [GC (Allocation Failure) [PSYoungGen: 162828K->43888K(232960K)] 746335K->668946K(932352K), 0.0170401 secs] [Times: user=0.14 sys=0.00, real=0.02 secs] 
Heap
 PSYoungGen      total 232960K, used 49105K [0x00000000eab00000, 0x0000000100000000, 0x0000000100000000)
  eden space 116736K, 4% used [0x00000000eab00000,0x00000000eb0186b8,0x00000000f1d00000)
  from space 116224K, 37% used [0x00000000f1d00000,0x00000000f47dc0c8,0x00000000f8e80000)
  to   space 116224K, 0% used [0x00000000f8e80000,0x00000000f8e80000,0x0000000100000000)
 ParOldGen       total 699392K, used 625058K [0x00000000c0000000, 0x00000000eab00000, 0x00000000eab00000)
  object space 699392K, 89% used [0x00000000c0000000,0x00000000e62688a0,0x00000000eab00000)
 Metaspace       used 2815K, capacity 4486K, committed 4864K, reserved 1056768K
  class space    used 304K, capacity 386K, committed 512K, reserved 1048576K
