Java HotSpot(TM) 64-Bit Server VM (25.152-b16) for windows-amd64 JRE (1.8.0_152-b16), built on Sep 14 2017 02:29:36 by "java_re" with MS VC++ 10.0 (VS2010)
Memory: 4k page, physical 8262900k(2302732k free), swap 13741500k(2611036k free)
CommandLine flags: -XX:InitialHeapSize=1073741824 -XX:MaxHeapSize=1073741824 -XX:+PrintGC -XX:+PrintGCDateStamps -XX:+PrintGCDetails -XX:+PrintGCTimeStamps -XX:+UseCompressedClassPointers -XX:+UseCompressedOops -XX:-UseLargePagesIndividualAllocation -XX:+UseSerialGC 
2021-03-30T00:49:49.106+0800: 0.199: [GC (Allocation Failure) 2021-03-30T00:49:49.106+0800: 0.199: [DefNew: 279616K->34944K(314560K), 0.0393555 secs] 279616K->92093K(1013632K), 0.0395103 secs] [Times: user=0.00 sys=0.03, real=0.04 secs] 
2021-03-30T00:49:49.193+0800: 0.286: [GC (Allocation Failure) 2021-03-30T00:49:49.193+0800: 0.286: [DefNew: 314560K->34943K(314560K), 0.0486776 secs] 371709K->167061K(1013632K), 0.0487509 secs] [Times: user=0.02 sys=0.03, real=0.05 secs] 
2021-03-30T00:49:49.281+0800: 0.375: [GC (Allocation Failure) 2021-03-30T00:49:49.281+0800: 0.375: [DefNew: 314559K->34943K(314560K), 0.0395541 secs] 446677K->246483K(1013632K), 0.0396248 secs] [Times: user=0.00 sys=0.03, real=0.04 secs] 
2021-03-30T00:49:49.360+0800: 0.453: [GC (Allocation Failure) 2021-03-30T00:49:49.360+0800: 0.453: [DefNew: 314559K->34943K(314560K), 0.0390164 secs] 526099K->325641K(1013632K), 0.0390816 secs] [Times: user=0.01 sys=0.01, real=0.04 secs] 
2021-03-30T00:49:49.438+0800: 0.530: [GC (Allocation Failure) 2021-03-30T00:49:49.438+0800: 0.530: [DefNew: 314559K->34943K(314560K), 0.0405716 secs] 605257K->408496K(1013632K), 0.0406389 secs] [Times: user=0.02 sys=0.02, real=0.04 secs] 
2021-03-30T00:49:49.519+0800: 0.611: [GC (Allocation Failure) 2021-03-30T00:49:49.519+0800: 0.611: [DefNew: 314559K->34943K(314560K), 0.0369578 secs] 688112K->483389K(1013632K), 0.0370471 secs] [Times: user=0.01 sys=0.01, real=0.04 secs] 
2021-03-30T00:49:49.594+0800: 0.687: [GC (Allocation Failure) 2021-03-30T00:49:49.595+0800: 0.687: [DefNew: 314559K->34944K(314560K), 0.0418622 secs] 763005K->567013K(1013632K), 0.0419941 secs] [Times: user=0.00 sys=0.03, real=0.04 secs] 
2021-03-30T00:49:49.675+0800: 0.768: [GC (Allocation Failure) 2021-03-30T00:49:49.675+0800: 0.768: [DefNew: 314560K->34943K(314560K), 0.0409887 secs] 846629K->646331K(1013632K), 0.0410564 secs] [Times: user=0.03 sys=0.02, real=0.04 secs] 
2021-03-30T00:49:49.756+0800: 0.849: [GC (Allocation Failure) 2021-03-30T00:49:49.756+0800: 0.849: [DefNew: 314559K->314559K(314560K), 0.0000149 secs]2021-03-30T00:49:49.756+0800: 0.849: [Tenured: 611387K->363224K(699072K), 0.0600660 secs] 925947K->363224K(1013632K), [Metaspace: 2809K->2809K(1056768K)], 0.0601589 secs] [Times: user=0.06 sys=0.00, real=0.06 secs] 
2021-03-30T00:49:49.855+0800: 0.948: [GC (Allocation Failure) 2021-03-30T00:49:49.855+0800: 0.948: [DefNew: 279616K->34942K(314560K), 0.0158703 secs] 642840K->452677K(1013632K), 0.0159452 secs] [Times: user=0.02 sys=0.00, real=0.02 secs] 
2021-03-30T00:49:49.911+0800: 1.004: [GC (Allocation Failure) 2021-03-30T00:49:49.911+0800: 1.004: [DefNew: 314558K->34944K(314560K), 0.0190388 secs] 732293K->528620K(1013632K), 0.0191083 secs] [Times: user=0.02 sys=0.00, real=0.02 secs] 
2021-03-30T00:49:49.971+0800: 1.064: [GC (Allocation Failure) 2021-03-30T00:49:49.971+0800: 1.064: [DefNew: 314560K->34943K(314560K), 0.0203783 secs] 808236K->610039K(1013632K), 0.0204469 secs] [Times: user=0.02 sys=0.00, real=0.02 secs] 
Heap
 def new generation   total 314560K, used 46766K [0x00000000c0000000, 0x00000000d5550000, 0x00000000d5550000)
  eden space 279616K,   4% used [0x00000000c0000000, 0x00000000c0b8ba60, 0x00000000d1110000)
  from space 34944K,  99% used [0x00000000d3330000, 0x00000000d554ffd8, 0x00000000d5550000)
  to   space 34944K,   0% used [0x00000000d1110000, 0x00000000d1110000, 0x00000000d3330000)
 tenured generation   total 699072K, used 575095K [0x00000000d5550000, 0x0000000100000000, 0x0000000100000000)
   the space 699072K,  82% used [0x00000000d5550000, 0x00000000f86ede90, 0x00000000f86ee000, 0x0000000100000000)
 Metaspace       used 2815K, capacity 4486K, committed 4864K, reserved 1056768K
  class space    used 304K, capacity 386K, committed 512K, reserved 1048576K
